<?xml version="1.0" encoding="UTF-8"?>
<!-- Generated by org.testng.reporters.JUnitXMLReporter -->
<testsuite ignored="0" hostname="Tufail-Vivo" failures="2" tests="2" name="Validating User login" time="0.423" errors="0" timestamp="2020-06-29T09:11:37 EDT">
  <testcase classname="cucumber.api.testng.AbstractTestNGCucumberTests" name="feature" time="0.112">
    <failure type="cucumber.runtime.CucumberException" message="java.io.FileNotFoundException: C:\Users\ahmad\E2EProject\src\main\java\resources\data.properties (The system cannot find the path specified)">
      <![CDATA[cucumber.runtime.CucumberException: java.io.FileNotFoundException: C:\Users\ahmad\E2EProject\src\main\java\resources\data.properties (The system cannot find the path specified)
at cucumber.api.testng.TestNGCucumberRunner.runCucumber(TestNGCucumberRunner.java:69)
at cucumber.api.testng.AbstractTestNGCucumberTests.feature(AbstractTestNGCucumberTests.java:21)
at java.base/java.util.ArrayList.forEach(ArrayList.java:1510)
Caused by: java.io.FileNotFoundException: C:\Users\ahmad\E2EProject\src\main\java\resources\data.properties (The system cannot find the path specified)
at java.base/java.io.FileInputStream.open0(Native Method)
at java.base/java.io.FileInputStream.open(FileInputStream.java:212)
at java.base/java.io.FileInputStream.<init>(FileInputStream.java:154)
at java.base/java.io.FileInputStream.<init>(FileInputStream.java:109)
at resources.base.initializeDriver(base.java:26)
at stepDefinations.stepDefination.initialize_the_browser_with_chrome(stepDefination.java:18)
at âœ½.Given Initialize the browser with chrome(login.feature:4)
... Removed 31 stack frames]]>
    </failure>
  </testcase> <!-- feature -->
  <testcase classname="cucumber.api.testng.AbstractTestNGCucumberTests" name="feature" time="0.2">
    <failure type="java.lang.NullPointerException">
      <![CDATA[java.lang.NullPointerException
at resources.base.getScreenshot(base.java:57)
at Academy.listeners.onTestFailure(listeners.java:33)
at java.base/java.util.ArrayList.forEach(ArrayList.java:1510)
... Removed 28 stack frames]]>
    </failure>
  </testcase> <!-- feature -->
</testsuite> <!-- Validating User login -->
